<?xml version="1.0" encoding="UTF-8"?>
<!-- Generated by org.testng.reporters.JUnitReportReporter -->
<testsuite hostname="DESKTOP-DUPFPD3" failures="0" tests="20" name="Testng12.TestngDemo" time="67.594" errors="0" timestamp="28 Nov 2022 14:14:28 GMT" skipped="0">
  <testcase classname="Testng12.TestngDemo" name="verifyTitle" time="0.018"/>
  <testcase classname="Testng12.TestngDemo" name="verifyTitle" time="0.038"/>
  <testcase classname="Testng12.TestngDemo" name="verifyElementDisplay" time="0.355"/>
  <testcase classname="Testng12.TestngDemo" name="verifyElementDisplay" time="0.130"/>
  <testcase classname="Testng12.TestngDemo" name="verifyTextOnStartButton" time="0.061"/>
  <testcase classname="Testng12.TestngDemo" name="verifyTextOnStartButton" time="0.184"/>
  <testcase classname="Testng12.TestngDemo" name="loginButtonClick" time="6.684"/>
  <testcase classname="Testng12.TestngDemo" name="loginButtonClick" time="3.893"/>
  <testcase classname="Testng12.TestngDemo" name="passwardfield" time="0.087"/>
  <testcase classname="Testng12.TestngDemo" name="passwardfield" time="0.039"/>
  <testcase classname="Testng12.TestngDemo" name="passwardfield" time="0.072"/>
  <testcase classname="Testng12.TestngDemo" name="passwardfield" time="0.027"/>
  <testcase classname="Testng12.TestngDemo" name="passwardfield" time="0.065"/>
  <testcase classname="Testng12.TestngDemo" name="passwardfield" time="0.027"/>
  <testcase classname="Testng12.TestngDemo" name="checkBoxSelect" time="0.765"/>
  <testcase classname="Testng12.TestngDemo" name="checkBoxSelect" time="0.251"/>
  <testcase classname="Testng12.TestngDemo" name="verifyToatalButton" time="5.269"/>
  <testcase classname="Testng12.TestngDemo" name="verifyToatalButton" time="5.176"/>
  <testcase classname="Testng12.TestngDemo" name="verifyFetureEle" time="22.617"/>
  <testcase classname="Testng12.TestngDemo" name="verifyFetureEle" time="21.836"/>
</testsuite> <!-- Testng12.TestngDemo -->
