<?xml version="1.0" encoding="UTF-8"?>
<!-- Generated by org.testng.reporters.JUnitReportReporter -->
<testsuite hostname="DESKTOP-DUPFPD3" failures="0" tests="2" name="Testng12.CrossBrowserPractice" time="26.638" errors="0" timestamp="28 Nov 2022 14:14:28 GMT" skipped="0">
  <testcase classname="Testng12.CrossBrowserPractice" name="crossbrowser" time="8.100"/>
  <testcase classname="Testng12.CrossBrowserPractice" name="crossbrowser" time="18.538"/>
</testsuite> <!-- Testng12.CrossBrowserPractice -->
