<?xml version="1.0" encoding="UTF-8"?>
<!-- Generated by org.testng.reporters.JUnitReportReporter -->
<testsuite hostname="DESKTOP-DUPFPD3" failures="0" tests="20" name="Testng12.TestngDemo" time="67.216" errors="0" timestamp="29 Nov 2022 08:17:41 GMT" skipped="0">
  <testcase classname="Testng12.TestngDemo" name="verifyTitle" time="0.146"/>
  <testcase classname="Testng12.TestngDemo" name="verifyTitle" time="0.021"/>
  <testcase classname="Testng12.TestngDemo" name="verifyElementDisplay" time="0.185"/>
  <testcase classname="Testng12.TestngDemo" name="verifyElementDisplay" time="0.406"/>
  <testcase classname="Testng12.TestngDemo" name="verifyTextOnStartButton" time="0.108"/>
  <testcase classname="Testng12.TestngDemo" name="verifyTextOnStartButton" time="0.179"/>
  <testcase classname="Testng12.TestngDemo" name="loginButtonClick" time="4.934"/>
  <testcase classname="Testng12.TestngDemo" name="loginButtonClick" time="7.119"/>
  <testcase classname="Testng12.TestngDemo" name="passwardfield" time="0.022"/>
  <testcase classname="Testng12.TestngDemo" name="passwardfield" time="0.019"/>
  <testcase classname="Testng12.TestngDemo" name="passwardfield" time="0.039"/>
  <testcase classname="Testng12.TestngDemo" name="passwardfield" time="0.019"/>
  <testcase classname="Testng12.TestngDemo" name="passwardfield" time="0.078"/>
  <testcase classname="Testng12.TestngDemo" name="passwardfield" time="0.039"/>
  <testcase classname="Testng12.TestngDemo" name="checkBoxSelect" time="0.822"/>
  <testcase classname="Testng12.TestngDemo" name="checkBoxSelect" time="0.216"/>
  <testcase classname="Testng12.TestngDemo" name="verifyToatalButton" time="5.074"/>
  <testcase classname="Testng12.TestngDemo" name="verifyToatalButton" time="5.146"/>
  <testcase classname="Testng12.TestngDemo" name="verifyFetureEle" time="21.591"/>
  <testcase classname="Testng12.TestngDemo" name="verifyFetureEle" time="21.053"/>
</testsuite> <!-- Testng12.TestngDemo -->
