<?xml version="1.0" encoding="UTF-8"?>
<!-- Generated by org.testng.reporters.JUnitReportReporter -->
<testsuite hostname="DESKTOP-DUPFPD3" failures="0" tests="2" name="Testng12.CrossBrowserPractice" time="23.071" errors="0" timestamp="29 Nov 2022 08:17:41 GMT" skipped="0">
  <testcase classname="Testng12.CrossBrowserPractice" name="crossbrowser" time="9.230"/>
  <testcase classname="Testng12.CrossBrowserPractice" name="crossbrowser" time="13.841"/>
</testsuite> <!-- Testng12.CrossBrowserPractice -->
